<?xml version="1.0" encoding="UTF-8"?><testsuite errors="1" failures="0" name="testcal.features.search.SearchByKeywordStory" skipped="0" tests="4" time="50.65" timestamp="2020-08-25 09:56:43"><testcase classname="testcal.features.search.SearchByKeywordStory" name="Add number1 number2"><error message="Could not instantiate class org.openqa.selenium.chrome.ChromeDriver" type="net.thucydides.core.webdriver.DriverConfigurationError">Could not instantiate class org.openqa.selenium.chrome.ChromeDriver</error><system-err>Could not instantiate class org.openqa.selenium.chrome.ChromeDriver&#13;
testcal.tasks.OpenTheApplication.performAs(OpenTheApplication.java:15)&#13;
testcal.features.search.SearchByKeywordStory.annaCanBrowseTheWeb(SearchByKeywordStory.java:36)&#13;
</system-err></testcase><testcase classname="testcal.features.search.SearchByKeywordStory" name="Mul number1 number2"/><testcase classname="testcal.features.search.SearchByKeywordStory" name="Sub number1 and number2"/><testcase classname="testcal.features.search.SearchByKeywordStory" name="Div number1 number2"/></testsuite>